<?xml version="1.0" encoding="UTF-8"?>
<!-- Generated by org.testng.reporters.JUnitReportReporter -->
<testsuite skipped="0" hostname="webster02" name="com.projectsupport.testing.LoginTest" tests="3" failures="0" timestamp="13 Dec 2017 06:03:29 GMT" time="13.619" errors="0">
  <testcase name="validate" time="6.465" classname="com.projectsupport.testing.LoginTest"/>
  <testcase name="validate" time="3.671" classname="com.projectsupport.testing.LoginTest"/>
  <testcase name="validate" time="3.483" classname="com.projectsupport.testing.LoginTest"/>
</testsuite> <!-- com.projectsupport.testing.LoginTest -->
