<?xml version="1.0" encoding="UTF-8"?>
<!-- Generated by org.testng.reporters.JUnitReportReporter -->
<testsuite skipped="0" hostname="webster02" name="com.projectsupport.testing.LoginTest" tests="3" failures="0" timestamp="06 Dec 2017 12:08:10 GMT" time="12.073" errors="0">
  <testcase name="validate" time="4.725" classname="com.projectsupport.testing.LoginTest"/>
  <testcase name="validate" time="3.677" classname="com.projectsupport.testing.LoginTest"/>
  <testcase name="validate" time="3.671" classname="com.projectsupport.testing.LoginTest"/>
</testsuite> <!-- com.projectsupport.testing.LoginTest -->
